-------------------------------------------------------------------------------
Test set: api.loginvalidatorserver.LoginValidatorServerApplicationTests
-------------------------------------------------------------------------------
Tests run: 1, Failures: 0, Errors: 1, Skipped: 0, Time elapsed: 0.655 s <<< FAILURE! - in api.loginvalidatorserver.LoginValidatorServerApplicationTests
contextLoads  Time elapsed: 0.003 s  <<< ERROR!
java.lang.IllegalStateException: Failed to load ApplicationContext
Caused by: org.springframework.beans.factory.BeanDefinitionStoreException: Failed to parse configuration class [api.loginvalidatorserver.LoginValidatorServerApplication]; nested exception is java.io.FileNotFoundException: Could not open ServletContext resource [/status.properties]
Caused by: java.io.FileNotFoundException: Could not open ServletContext resource [/status.properties]

